<?xml version="1.0" encoding="UTF-8"?>
<databaseChangeLog
        xmlns="http://www.liquibase.org/xml/ns/dbchangelog"
        xmlns:xsi="http://www.w3.org/2001/XMLSchema-instance"
        xsi:schemaLocation="http://www.liquibase.org/xml/ns/dbchangelog
        http://www.liquibase.org/xml/ns/dbchangelog/dbchangelog-3.8.xsd">

    <changeSet id="test-create-users" author="ivan" context="test">
        <createTable tableName="users">
            <column name="id" type="bigint" autoIncrement="true">>
                <constraints primaryKey="true" nullable="false"/>
            </column>
            <column name="username" type="varchar(255)">
                <constraints unique="true" nullable="false"/>
            </column>
            <column name="password" type="varchar(255)">
                <constraints nullable="false"/>
            </column>
            <column name="roles" type="varchar(255) []" />
        </createTable>
        <rollback>
            <dropTable tableName="users"/>
        </rollback>
    </changeSet>

</databaseChangeLog>
